<?xml version="1.0" encoding="UTF-8"?>
<!-- Generated by org.testng.reporters.JUnitXMLReporter -->
<testsuite hostname="DESKTOP-G7II948" ignored="0" name="Surefire test" tests="6" failures="0" timestamp="22 Sep 2020 09:54:17 GMT" time="0.079" errors="0">
  <testcase name="IOSTest" time="0.02" classname="qaclickacademy.Mavenjava.AppiumTest"/>
  <testcase name="NativeAPPTest" time="0.0" classname="qaclickacademy.Mavenjava.AppiumTest"/>
  <testcase name="Sample1" time="0.0" classname="qaclickacademy.Mavenjava.RESTAPITest"/>
  <testcase name="Sample2" time="0.0" classname="qaclickacademy.Mavenjava.RESTAPITest"/>
  <testcase name="BrowserAutomation" time="0.0" classname="qaclickacademy.Mavenjava.SeleniumTest"/>
  <testcase name="UIElemnets" time="0.001" classname="qaclickacademy.Mavenjava.SeleniumTest"/>
</testsuite> <!-- Surefire test -->
