<?xml version="1.0" encoding="UTF-8"?>
<!-- Generated by org.testng.reporters.JUnitXMLReporter -->
<testsuite hostname="DESKTOP-G7II948" ignored="0" name="Test" tests="4" failures="0" timestamp="22 Sep 2020 10:50:00 GMT" time="0.077" errors="0">
  <testcase name="Sample1" time="0.011" classname="qaclickacademy.Mavenjava.RESTAPITest"/>
  <testcase name="Sample2" time="0.0" classname="qaclickacademy.Mavenjava.RESTAPITest"/>
  <testcase name="IOSTest" time="0.001" classname="qaclickacademy.Mavenjava.AppiumTest"/>
  <testcase name="NativeAPPTest" time="0.0" classname="qaclickacademy.Mavenjava.AppiumTest"/>
</testsuite> <!-- Test -->
